# ./configure --prefix=/home/georg/gphx/ --disable-ffserver --disable-ffplay --enable-shared --enable-memalign-hack
BASH=/bin/sh
BASH_ARGC=([0]="5")
BASH_ARGV=([0]="--enable-memalign-hack" [1]="--enable-shared" [2]="--disable-ffplay" [3]="--disable-ffserver" [4]="--prefix=/home/georg/gphx/")
BASH_LINENO=([0]="0")
BASH_SOURCE=([0]="./configure")
BASH_VERSINFO=([0]="3" [1]="1" [2]="17" [3]="1" [4]="release" [5]="i486-pc-linux-gnu")
BASH_VERSION='3.1.17(1)-release'
BUILDSUF=
CCACHE_DIR=/var/spool/ccache
CVS_RSH=ssh
DECODER_LIST='oggvorbis_decoder
gif_decoder
h263_decoder
h261_decoder
mpeg4_decoder
msmpeg4v1_decoder
msmpeg4v2_decoder
msmpeg4v3_decoder
wmv1_decoder
wmv2_decoder
vc1_decoder
wmv3_decoder
h263i_decoder
flv_decoder
rv10_decoder
rv20_decoder
svq1_decoder
svq3_decoder
wmav1_decoder
wmav2_decoder
indeo2_decoder
indeo3_decoder
tscc_decoder
cscd_decoder
nuv_decoder
ulti_decoder
qdraw_decoder
xl_decoder
qpeg_decoder
loco_decoder
kmvc_decoder
wnv1_decoder
aasc_decoder
fraps_decoder
aac_decoder
mpeg4aac_decoder
mpeg1video_decoder
mpeg2video_decoder
mpegvideo_decoder
mpeg_xvmc_decoder
dvvideo_decoder
mjpeg_decoder
mjpegb_decoder
sp5x_decoder
png_decoder
mp2_decoder
mp3_decoder
mp3adu_decoder
mp3on4_decoder
mace3_decoder
mace6_decoder
huffyuv_decoder
ffvhuff_decoder
ffv1_decoder
snow_decoder
cyuv_decoder
h264_decoder
vp3_decoder
theora_decoder
vp5_decoder
vp6_decoder
vp6f_decoder
asv1_decoder
asv2_decoder
vcr1_decoder
cljr_decoder
fourxm_decoder
mdec_decoder
roq_decoder
interplay_video_decoder
xan_wc3_decoder
rpza_decoder
cinepak_decoder
msrle_decoder
msvideo1_decoder
vqa_decoder
idcin_decoder
eightbps_decoder
smc_decoder
flic_decoder
truemotion1_decoder
truemotion2_decoder
vmdvideo_decoder
vmdaudio_decoder
mszh_decoder
zlib_decoder
zmbv_decoder
smacker_decoder
smackaud_decoder
sonic_decoder
ac3_decoder
dts_decoder
ra_144_decoder
ra_288_decoder
roq_dpcm_decoder
interplay_dpcm_decoder
xan_dpcm_decoder
sol_dpcm_decoder
qtrle_decoder
flac_decoder
shorten_decoder
alac_decoder
ws_snd1_decoder
vorbis_decoder
libgsm_decoder
qdm2_decoder
cook_decoder
truespeech_decoder
tta_decoder
avs_decoder
cavs_decoder
rawvideo_decoder
flashsv_decoder
vmnc_decoder
wavpack_decoder
targa_decoder
dsicinvideo_decoder
dsicinaudio_decoder
tiertexseqvideo_decoder
tiff_decoder
imc_decoder
amr_nb_decoder
amr_wb_decoder
bmp_decoder
mmvideo_decoder
pcm_s32le_decoder
pcm_s32be_decoder
pcm_u32le_decoder
pcm_u32be_decoder
pcm_s24le_decoder
pcm_s24be_decoder
pcm_u24le_decoder
pcm_u24be_decoder
pcm_s24daud_decoder
pcm_s16le_decoder
pcm_s16be_decoder
pcm_u16le_decoder
pcm_u16be_decoder
pcm_s8_decoder
pcm_u8_decoder
pcm_alaw_decoder
pcm_mulaw_decoder
adpcm_ima_qt_decoder
adpcm_ima_wav_decoder
adpcm_ima_dk3_decoder
adpcm_ima_dk4_decoder
adpcm_ima_ws_decoder
adpcm_ima_smjpeg_decoder
adpcm_ms_decoder
adpcm_4xm_decoder
adpcm_xa_decoder
adpcm_adx_decoder
adpcm_ea_decoder
adpcm_g726_decoder
adpcm_ct_decoder
adpcm_swf_decoder
adpcm_yamaha_decoder
adpcm_sbpro_4_decoder
adpcm_sbpro_3_decoder
adpcm_sbpro_2_decoder
dvdsub_decoder
dvbsub_decoder'
DEMUXER_LIST='fourxm_demuxer
aiff_demuxer
amr_demuxer
asf_demuxer
au_demuxer
audio_demuxer
avi_demuxer
avisynth_demuxer
avs_demuxer
daud_demuxer
dc1394_demuxer
dsicin_demuxer
dv1394_demuxer
dv_demuxer
ea_demuxer
ffm_demuxer
flic_demuxer
flv_demuxer
gif_demuxer
gxf_demuxer
idcin_demuxer
roq_demuxer
image2_demuxer
image2pipe_demuxer
image_demuxer
imagepipe_demuxer
ipmovie_demuxer
matroska_demuxer
mm_demuxer
mmf_demuxer
mov_demuxer
mtv_demuxer
mp3_demuxer
mpegps_demuxer
mpegts_demuxer
mxf_demuxer
nsv_demuxer
nut_demuxer
nuv_demuxer
ogg_demuxer
str_demuxer
shorten_demuxer
flac_demuxer
ac3_demuxer
dts_demuxer
aac_demuxer
h261_demuxer
h263_demuxer
m4v_demuxer
h264_demuxer
mpegvideo_demuxer
mjpeg_demuxer
ingenient_demuxer
pcm_s16le_demuxer
pcm_s16be_demuxer
pcm_u16le_demuxer
pcm_u16be_demuxer
pcm_s8_demuxer
pcm_u8_demuxer
pcm_mulaw_demuxer
pcm_alaw_demuxer
rawvideo_demuxer
rm_demuxer
rtsp_demuxer
sdp_demuxer
redir_demuxer
segafilm_demuxer
vmd_demuxer
smacker_demuxer
sol_demuxer
swf_demuxer
tta_demuxer
v4l2_demuxer
video_grab_device_demuxer
voc_demuxer
wav_demuxer
wc3_demuxer
wsaud_demuxer
wsvqa_demuxer
wv_demuxer
yuv4mpegpipe_demuxer
tiertexseq_demuxer'
DIRSTACK=()
DISPLAY=:0.0
DUALCASE=1
ENCODER_LIST='ac3_encoder
mp2_encoder
mp3lame_encoder
oggvorbis_encoder
faac_encoder
flac_encoder
xvid_encoder
mpeg1video_encoder
h264_encoder
mpeg2video_encoder
h261_encoder
h263_encoder
h263p_encoder
flv_encoder
rv10_encoder
rv20_encoder
mpeg4_encoder
msmpeg4v1_encoder
msmpeg4v2_encoder
msmpeg4v3_encoder
wmv1_encoder
wmv2_encoder
svq1_encoder
mjpeg_encoder
ljpeg_encoder
jpegls_encoder
png_encoder
ppm_encoder
pgm_encoder
pgmyuv_encoder
pbm_encoder
pam_encoder
huffyuv_encoder
ffvhuff_encoder
asv1_encoder
asv2_encoder
ffv1_encoder
snow_encoder
zlib_encoder
dvvideo_encoder
sonic_encoder
sonic_ls_encoder
x264_encoder
libgsm_encoder
rawvideo_encoder
vorbis_encoder
amr_nb_encoder
amr_wb_encoder
pcm_s32le_encoder
pcm_s32be_encoder
pcm_u32le_encoder
pcm_u32be_encoder
pcm_s24le_encoder
pcm_s24be_encoder
pcm_u24le_encoder
pcm_u24be_encoder
pcm_s24daud_encoder
pcm_s16le_encoder
pcm_s16be_encoder
pcm_u16le_encoder
pcm_u16be_encoder
pcm_s8_encoder
pcm_u8_encoder
pcm_alaw_encoder
pcm_mulaw_encoder
adpcm_ima_qt_encoder
adpcm_ima_wav_encoder
adpcm_ima_dk3_encoder
adpcm_ima_dk4_encoder
adpcm_ima_ws_encoder
adpcm_ima_smjpeg_encoder
adpcm_ms_encoder
adpcm_4xm_encoder
adpcm_xa_encoder
adpcm_adx_encoder
adpcm_ea_encoder
adpcm_g726_encoder
adpcm_ct_encoder
adpcm_swf_encoder
adpcm_yamaha_encoder
adpcm_sbpro_4_encoder
adpcm_sbpro_3_encoder
adpcm_sbpro_2_encoder
dvdsub_encoder
dvbsub_encoder'
EUID=1000
EXESUF=
FFLDFLAGS=-Wl,--warn-common
FFMPEG_CONFIGURATION=' --prefix=/home/georg/gphx/ --disable-ffserver --disable-ffplay --enable-shared --enable-memalign-hack '
FFSERVERLDFLAGS=-Wl,-E
GDK_USE_XFT=0
GROUPS=()
HISTCONTROL=ignoredups
HISTFILESIZE=10000
HISTSIZE=10000
HOME=/home/georg
HOSTNAME=kueken
HOSTTYPE=i486
HUSHLOGIN=FALSE
IFS=' 	
'
LANG=C
LANGUAGE=C
LC_ADDRESS=C
LC_ALL=C
LC_COLLATE=C
LC_CTYPE=C
LC_IDENTIFICATION=C
LC_MEASUREMENT=C
LC_MESSAGES=C
LC_MONETARY=C
LC_NAME=C
LC_NUMERIC=C
LC_PAPER=C
LC_TELEPHONE=C
LC_TIME=C
LDCONFIG=ldconfig
LDFLAGS=' -Wl,--as-needed'
LD_LIBRARY_PATH=/usr/local/xpressmp/lib:
LESSCLOSE='/usr/bin/lesspipe %s %s'
LESSOPEN='| /usr/bin/lesspipe %s'
LIB='$(LIBPREF)$(NAME)$(LIBSUF)'
LIBOBJFLAGS=
LIBPREF=lib
LIBSUF=.a
LIB_INSTALL_EXTRA_CMD='$(RANLIB) "$(libdir)/$(LIB)"'
LOGNAME=georg
LS_COLORS='no=00:fi=00:di=01;34:ln=01;36:pi=40;33:so=01;35:do=01;35:bd=40;33;01:cd=40;33;01:or=40;31;01:su=37;41:sg=30;43:tw=30;42:ow=34;42:st=37;44:ex=01;32:*.tar=01;31:*.tgz=01;31:*.arj=01;31:*.taz=01;31:*.lzh=01;31:*.zip=01;31:*.z=01;31:*.Z=01;31:*.gz=01;31:*.bz2=01;31:*.deb=01;31:*.rpm=01;31:*.jar=01;31:*.jpg=01;35:*.jpeg=01;35:*.gif=01;35:*.bmp=01;35:*.pbm=01;35:*.pgm=01;35:*.ppm=01;35:*.tga=01;35:*.xbm=01;35:*.xpm=01;35:*.tif=01;35:*.tiff=01;35:*.png=01;35:*.mov=01;35:*.mpg=01;35:*.mpeg=01;35:*.avi=01;35:*.fli=01;35:*.gl=01;35:*.dl=01;35:*.xcf=01;35:*.xwd=01;35:*.flac=01;35:*.mp3=01;35:*.mpc=01;35:*.ogg=01;35:*.wav=01;35:'
MACHTYPE=i486-pc-linux-gnu
MUXER_LIST='adts_muxer
aiff_muxer
amr_muxer
asf_muxer
asf_stream_muxer
au_muxer
audio_muxer
avi_muxer
crc_muxer
framecrc_muxer
dv_muxer
ffm_muxer
flv_muxer
gif_muxer
gxf_muxer
image2_muxer
image2pipe_muxer
image_muxer
imagepipe_muxer
mmf_muxer
mov_muxer
tgp_muxer
mp4_muxer
psp_muxer
tg2_muxer
mp2_muxer
mp3_muxer
mpeg1system_muxer
mpeg1vcd_muxer
mpeg2vob_muxer
mpeg2svcd_muxer
mpeg2dvd_muxer
mpegts_muxer
mpjpeg_muxer
nut_muxer
ogg_muxer
flac_muxer
ac3_muxer
h261_muxer
h263_muxer
m4v_muxer
h264_muxer
mpeg1video_muxer
mpeg2video_muxer
mjpeg_muxer
pcm_s16le_muxer
pcm_s16be_muxer
pcm_u16le_muxer
pcm_u16be_muxer
pcm_s8_muxer
pcm_u8_muxer
pcm_mulaw_muxer
pcm_alaw_muxer
rawvideo_muxer
null_muxer
rm_muxer
rtp_muxer
swf_muxer
voc_muxer
wav_muxer
yuv4mpegpipe_muxer'
OPTERR=1
OPTIND=1
OSTYPE=linux-gnu
PARSER_LIST='mpegvideo_parser
mpeg4video_parser
cavsvideo_parser
h261_parser
h263_parser
h264_parser
mjpeg_parser
pnm_parser
mpegaudio_parser
ac3_parser
dvdsub_parser
dvbsub_parser
aac_parser'
PATH=/usr/local/bin/ccache:/usr/local/bin:/usr/bin:/bin:/usr/bin/X11:/usr/games:/home/georg/bin
PIPESTATUS=([0]="0")
POSIXLY_CORRECT=y
PPID=30915
PREFIX=/home/georg/gphx/
PS4='+ '
PWD=/home/georg/devel/darcs/gephex-r4/contrib/ffmpeg
RANDOM=20890
SHELL=/bin/sh
SHELLOPTS=braceexpand:hashall:interactive-comments:posix
SHFLAGS='-shared -Wl,-soname,$@'
SHLVL=7
SLIBNAME='$(SLIBPREF)$(NAME)$(SLIBSUF)'
SLIBNAME_WITH_MAJOR='$(SLIBNAME).$(LIBMAJOR)'
SLIBNAME_WITH_VERSION='$(SLIBNAME).$(LIBVERSION)'
SLIBPREF=lib
SLIBSUF=.so
SSH_AGENT_PID=4070
SSH_AUTH_SOCK=/tmp/ssh-Fjiojt4069/agent.4069
TERM=xterm
TMPC=/tmp/ffmpeg-conf-30511-1982-7491.c
TMPDIR1=/tmp
TMPE=/tmp/ffmpeg-conf-6368-1982-25269
TMPH=/tmp/ffmpeg-conf-22772-1982-20890.h
TMPO=/tmp/ffmpeg-conf-9202-1982-14674.o
TMPS=/tmp/ffmpeg-conf-20725-1982-5827.S
UID=1000
USER=georg
VHOOKSHFLAGS='$(SHFLAGS)'
WINDOWID=16777230
XAUTHORITY=/home/georg/.Xauthority
XPRESS=/usr/local/xpressmp/bin
XPRESSDIR=/usr/local/xpressmp
XTERM_SHELL=/bin/bash
XTERM_VERSION='XTerm(223)'
_=--enable-memalign-hack
a52=no
a52bin=no
altivec=default
amr_if2=no
amr_nb=no
amr_nb_fixed=no
amr_wb=no
ar=ar
arch=x86
armv5te=default
asmalign_pot=unknown
audio_beos=no
audio_oss=yes
avisynth=no
bigendian=no
bindir='${PREFIX}/bin'
bktr=no
cc=gcc
cmov=no
cmov_is_fast=no
cpu=generic
cross_compile=no
cross_prefix=
dc1394=no
dcbzl=no
debug=yes
dlfcn=no
dlopen=no
dostrip=yes
dts=no
dv1394=yes
emu_fast_int=no
extralibs=-lm
faac=no
faad=no
faadbin=no
ffplay=no
ffserver=no
force_prefix=yes
gpl=no
gprof=no
incdir='${PREFIX}/include/ffmpeg'
installstrip=-s
inttypes=yes
ipv6=yes
iwmmxt=default
libdir='${PREFIX}/lib'
libgsm=no
libogg=no
logfile=config.err
logging=yes
lshared=yes
lstatic=yes
make=make
mandir='${PREFIX}/man'
memalignhack=yes
mingw32=no
mingwce=no
mmi=default
mmx=default
mp3lame=no
mpegaudio_hp=yes
need_inet_aton=no
netserver=no
network=yes
opt=--enable-memalign-hack
optimize=yes
optval=--enable-memalign-hack
os2=no
powerpc_perf=no
pp=no
protocols=yes
pthreads=no
ranlib=ranlib
shlibdir='${PREFIX}/lib'
simpleidct=yes
source_path=/home/georg/devel/darcs/gephex-r4/contrib/ffmpeg
source_path_used=no
strip=strip
sunmlib=no
swscaler=no
targetos=Linux
v4l=yes
v4l2=yes
var=LDFLAGS
vhook=default
vorbis=no
wl=-Wl,
x264=no
xvid=no
zlib=yes
check_ld
check_cc
BEGIN /tmp/ffmpeg-conf-30511-1982-7491.c
     1	int main(){
     2	    return 0;
     3	}
END /tmp/ffmpeg-conf-30511-1982-7491.c
gcc -fomit-frame-pointer -c -o /tmp/ffmpeg-conf-9202-1982-14674.o /tmp/ffmpeg-conf-30511-1982-7491.c
gcc -Wl,--warn-common -Wl,--as-needed -o /tmp/ffmpeg-conf-6368-1982-25269 /tmp/ffmpeg-conf-9202-1982-14674.o -lm
check_header altivec.h
check_cpp
BEGIN /tmp/ffmpeg-conf-30511-1982-7491.c
     1	#include <altivec.h>
     2	int x;
END /tmp/ffmpeg-conf-30511-1982-7491.c
gcc -fomit-frame-pointer -E -o /tmp/ffmpeg-conf-9202-1982-14674.o /tmp/ffmpeg-conf-30511-1982-7491.c
/tmp/ffmpeg-conf-30511-1982-7491.c:1:21: error: altivec.h: No such file or directory
check_ld
check_cc
BEGIN /tmp/ffmpeg-conf-30511-1982-7491.c
     1	#include <inttypes.h>
     2	int main(int argc, char ** argv){
     3	        volatile uint32_t i=0x01234567;
     4	        return (*((uint8_t*)(&i))) == 0x67;
     5	}
END /tmp/ffmpeg-conf-30511-1982-7491.c
gcc -fomit-frame-pointer -c -o /tmp/ffmpeg-conf-9202-1982-14674.o /tmp/ffmpeg-conf-30511-1982-7491.c
gcc -Wl,--warn-common -Wl,--as-needed -o /tmp/ffmpeg-conf-6368-1982-25269 /tmp/ffmpeg-conf-9202-1982-14674.o -lm
check_header inttypes.h
check_cpp
BEGIN /tmp/ffmpeg-conf-30511-1982-7491.c
     1	#include <inttypes.h>
     2	int x;
END /tmp/ffmpeg-conf-30511-1982-7491.c
gcc -fomit-frame-pointer -E -o /tmp/ffmpeg-conf-9202-1982-14674.o /tmp/ffmpeg-conf-30511-1982-7491.c
check_cc
BEGIN /tmp/ffmpeg-conf-30511-1982-7491.c
     1	#include <inttypes.h>
     2	int main(int argc, char ** argv){
     3	        volatile uint_fast64_t i=0x01234567;
     4	        return 0;
     5	}
END /tmp/ffmpeg-conf-30511-1982-7491.c
gcc -fomit-frame-pointer -c -o /tmp/ffmpeg-conf-9202-1982-14674.o /tmp/ffmpeg-conf-30511-1982-7491.c
check_header malloc.h
check_cpp
BEGIN /tmp/ffmpeg-conf-30511-1982-7491.c
     1	#include <malloc.h>
     2	int x;
END /tmp/ffmpeg-conf-30511-1982-7491.c
gcc -fomit-frame-pointer -E -o /tmp/ffmpeg-conf-9202-1982-14674.o /tmp/ffmpeg-conf-30511-1982-7491.c
check_func memalign
check_ld
check_cc
BEGIN /tmp/ffmpeg-conf-30511-1982-7491.c
     1	extern int memalign();
     2	int main(){
     3	    memalign();
     4	}
END /tmp/ffmpeg-conf-30511-1982-7491.c
gcc -fomit-frame-pointer -c -o /tmp/ffmpeg-conf-9202-1982-14674.o /tmp/ffmpeg-conf-30511-1982-7491.c
gcc -Wl,--warn-common -Wl,--as-needed -o /tmp/ffmpeg-conf-6368-1982-25269 /tmp/ffmpeg-conf-9202-1982-14674.o -lm
check_func localtime_r
check_ld
check_cc
BEGIN /tmp/ffmpeg-conf-30511-1982-7491.c
     1	extern int localtime_r();
     2	int main(){
     3	    localtime_r();
     4	}
END /tmp/ffmpeg-conf-30511-1982-7491.c
gcc -fomit-frame-pointer -c -o /tmp/ffmpeg-conf-9202-1982-14674.o /tmp/ffmpeg-conf-30511-1982-7491.c
gcc -Wl,--warn-common -Wl,--as-needed -o /tmp/ffmpeg-conf-6368-1982-25269 /tmp/ffmpeg-conf-9202-1982-14674.o -lm
check_lib zlib.h zlibVersion -lz
check_header zlib.h
check_cpp
BEGIN /tmp/ffmpeg-conf-30511-1982-7491.c
     1	#include <zlib.h>
     2	int x;
END /tmp/ffmpeg-conf-30511-1982-7491.c
gcc -fomit-frame-pointer -E -o /tmp/ffmpeg-conf-9202-1982-14674.o /tmp/ffmpeg-conf-30511-1982-7491.c
check_func zlibVersion
check_ld
check_cc
BEGIN /tmp/ffmpeg-conf-30511-1982-7491.c
     1	extern int zlibVersion();
     2	int main(){
     3	    zlibVersion();
     4	}
END /tmp/ffmpeg-conf-30511-1982-7491.c
gcc -fomit-frame-pointer -c -o /tmp/ffmpeg-conf-9202-1982-14674.o /tmp/ffmpeg-conf-30511-1982-7491.c
gcc -Wl,--warn-common -Wl,--as-needed -o /tmp/ffmpeg-conf-6368-1982-25269 /tmp/ffmpeg-conf-9202-1982-14674.o -lm -lz
check_ld
check_cc
BEGIN /tmp/ffmpeg-conf-30511-1982-7491.c
     1	#define _ISOC9X_SOURCE  1
     2	#include <math.h>
     3	int main( void ) { return (lrintf(3.999f) > 0)?0:1; }
END /tmp/ffmpeg-conf-30511-1982-7491.c
gcc -fomit-frame-pointer -c -o /tmp/ffmpeg-conf-9202-1982-14674.o /tmp/ffmpeg-conf-30511-1982-7491.c
gcc -Wl,--warn-common -Wl,--as-needed -o /tmp/ffmpeg-conf-6368-1982-25269 /tmp/ffmpeg-conf-9202-1982-14674.o -lm -lz
check_cc
BEGIN /tmp/ffmpeg-conf-30511-1982-7491.c
     1	void foo(char * restrict p);
END /tmp/ffmpeg-conf-30511-1982-7491.c
gcc -fomit-frame-pointer -c -o /tmp/ffmpeg-conf-9202-1982-14674.o /tmp/ffmpeg-conf-30511-1982-7491.c
/tmp/ffmpeg-conf-30511-1982-7491.c:1: error: expected ';', ',' or ')' before 'p'
check_cc
BEGIN /tmp/ffmpeg-conf-30511-1982-7491.c
     1	void foo(char * __restrict__ p);
END /tmp/ffmpeg-conf-30511-1982-7491.c
gcc -fomit-frame-pointer -c -o /tmp/ffmpeg-conf-9202-1982-14674.o /tmp/ffmpeg-conf-30511-1982-7491.c
check_header dlfcn.h
check_cpp
BEGIN /tmp/ffmpeg-conf-30511-1982-7491.c
     1	#include <dlfcn.h>
     2	int x;
END /tmp/ffmpeg-conf-30511-1982-7491.c
gcc -fomit-frame-pointer -E -o /tmp/ffmpeg-conf-9202-1982-14674.o /tmp/ffmpeg-conf-30511-1982-7491.c
check_func dlopen
check_ld
check_cc
BEGIN /tmp/ffmpeg-conf-30511-1982-7491.c
     1	extern int dlopen();
     2	int main(){
     3	    dlopen();
     4	}
END /tmp/ffmpeg-conf-30511-1982-7491.c
gcc -fomit-frame-pointer -c -o /tmp/ffmpeg-conf-9202-1982-14674.o /tmp/ffmpeg-conf-30511-1982-7491.c
gcc -Wl,--warn-common -Wl,--as-needed -o /tmp/ffmpeg-conf-6368-1982-25269 /tmp/ffmpeg-conf-9202-1982-14674.o -lm -lz -ldl
check_func dlopen
check_ld
check_cc
BEGIN /tmp/ffmpeg-conf-30511-1982-7491.c
     1	extern int dlopen();
     2	int main(){
     3	    dlopen();
     4	}
END /tmp/ffmpeg-conf-30511-1982-7491.c
gcc -fomit-frame-pointer -c -o /tmp/ffmpeg-conf-9202-1982-14674.o /tmp/ffmpeg-conf-30511-1982-7491.c
gcc -Wl,--warn-common -Wl,--as-needed -o /tmp/ffmpeg-conf-6368-1982-25269 /tmp/ffmpeg-conf-9202-1982-14674.o -lm -lz
/tmp/ffmpeg-conf-9202-1982-14674.o: In function `main':
ffmpeg-conf-30511-1982-7491.c:(.text+0xf): undefined reference to `dlopen'
collect2: ld returned 1 exit status
check_ldflags -rdynamic
check_ld -rdynamic
check_cc
BEGIN /tmp/ffmpeg-conf-30511-1982-7491.c
     1	int main(){
     2	    return 0;
     3	}
END /tmp/ffmpeg-conf-30511-1982-7491.c
gcc -fomit-frame-pointer -c -o /tmp/ffmpeg-conf-9202-1982-14674.o /tmp/ffmpeg-conf-30511-1982-7491.c
gcc -Wl,--warn-common -Wl,--as-needed -rdynamic -o /tmp/ffmpeg-conf-6368-1982-25269 /tmp/ffmpeg-conf-9202-1982-14674.o -lm -lz -ldl
check_ldflags -export-dynamic
check_ld -export-dynamic
check_cc
BEGIN /tmp/ffmpeg-conf-30511-1982-7491.c
     1	int main(){
     2	    return 0;
     3	}
END /tmp/ffmpeg-conf-30511-1982-7491.c
gcc -fomit-frame-pointer -c -o /tmp/ffmpeg-conf-9202-1982-14674.o /tmp/ffmpeg-conf-30511-1982-7491.c
gcc -Wl,--warn-common -Wl,--as-needed -rdynamic -export-dynamic -o /tmp/ffmpeg-conf-6368-1982-25269 /tmp/ffmpeg-conf-9202-1982-14674.o -lm -lz -ldl
check_ld
check_cc
BEGIN /tmp/ffmpeg-conf-30511-1982-7491.c
     1	#include <X11/Xlib.h>
     2	#include <Imlib2.h>
     3	int main( void ) { return (int) imlib_load_font("foo"); }
END /tmp/ffmpeg-conf-30511-1982-7491.c
gcc -fomit-frame-pointer -c -o /tmp/ffmpeg-conf-9202-1982-14674.o /tmp/ffmpeg-conf-30511-1982-7491.c
/tmp/ffmpeg-conf-30511-1982-7491.c:2:20: error: Imlib2.h: No such file or directory
check_ld
check_cc
BEGIN /tmp/ffmpeg-conf-30511-1982-7491.c
     1	#include <ft2build.h>
     2	int main( void ) { return (int) FT_Init_FreeType(0); }
END /tmp/ffmpeg-conf-30511-1982-7491.c
gcc -fomit-frame-pointer -I/usr/include/freetype2 -c -o /tmp/ffmpeg-conf-9202-1982-14674.o /tmp/ffmpeg-conf-30511-1982-7491.c
gcc -Wl,--warn-common -Wl,--as-needed -rdynamic -export-dynamic -o /tmp/ffmpeg-conf-6368-1982-25269 /tmp/ffmpeg-conf-9202-1982-14674.o -lm -lz -ldl -lfreetype -lz
check_ld
check_cc
BEGIN /tmp/ffmpeg-conf-30511-1982-7491.c
     1	#include <SDL.h>
     2	#undef main /* We don't want SDL to override our main() */
     3	int main( void ) { return SDL_Init (SDL_INIT_VIDEO); }
END /tmp/ffmpeg-conf-30511-1982-7491.c
gcc -fomit-frame-pointer -I/usr/include/SDL -D_GNU_SOURCE=1 -D_REENTRANT -c -o /tmp/ffmpeg-conf-9202-1982-14674.o /tmp/ffmpeg-conf-30511-1982-7491.c
gcc -Wl,--warn-common -Wl,--as-needed -rdynamic -export-dynamic -o /tmp/ffmpeg-conf-6368-1982-25269 /tmp/ffmpeg-conf-9202-1982-14674.o -lm -lz -ldl -L/usr/lib -lSDL
check_cc
BEGIN /tmp/ffmpeg-conf-30511-1982-7491.c
     1	#include <SDL.h>
     2	int main(void){
     3	    const SDL_VideoInfo *vi = SDL_GetVideoInfo();
     4	    int w = vi->current_w;
     5	    return 0;
     6	}
END /tmp/ffmpeg-conf-30511-1982-7491.c
gcc -fomit-frame-pointer -I/usr/include/SDL -D_GNU_SOURCE=1 -D_REENTRANT -c -o /tmp/ffmpeg-conf-9202-1982-14674.o /tmp/ffmpeg-conf-30511-1982-7491.c
check_ld
check_cc
BEGIN /tmp/ffmpeg-conf-30511-1982-7491.c
     1	#include <sys/types.h>
     2	#include <sys/socket.h>
     3	#include <netinet/in.h>
     4	#include <netdb.h>
     5	int main( void ) {
     6	  struct sockaddr_storage saddr;
     7	  struct ipv6_mreq mreq6;
     8	  getaddrinfo(0,0,0,0);
     9	  getnameinfo(0,0,0,0,0,0,0);
    10	  IN6_IS_ADDR_MULTICAST((const struct in6_addr *)0);
    11	}
END /tmp/ffmpeg-conf-30511-1982-7491.c
gcc -fomit-frame-pointer -c -o /tmp/ffmpeg-conf-9202-1982-14674.o /tmp/ffmpeg-conf-30511-1982-7491.c
gcc -Wl,--warn-common -Wl,--as-needed -rdynamic -export-dynamic -o /tmp/ffmpeg-conf-6368-1982-25269 /tmp/ffmpeg-conf-9202-1982-14674.o -lm -lz -ldl
check_cc
BEGIN /tmp/ffmpeg-conf-30511-1982-7491.c
     1	#include <sys/time.h>
     2	#include <asm/types.h>
     3	#include <linux/videodev2.h>
     4	int dummy = V4L2_PIX_FMT_YUV420;
     5	struct v4l2_buffer dummy1;
END /tmp/ffmpeg-conf-30511-1982-7491.c
gcc -fomit-frame-pointer -c -o /tmp/ffmpeg-conf-9202-1982-14674.o /tmp/ffmpeg-conf-30511-1982-7491.c
check_cflags -Wdeclaration-after-statement
check_cc -Wdeclaration-after-statement
BEGIN /tmp/ffmpeg-conf-30511-1982-7491.c
     1	int x;
END /tmp/ffmpeg-conf-30511-1982-7491.c
gcc -fomit-frame-pointer -g -Wdeclaration-after-statement -c -o /tmp/ffmpeg-conf-9202-1982-14674.o /tmp/ffmpeg-conf-30511-1982-7491.c
check_cflags -Wall
check_cc -Wall
BEGIN /tmp/ffmpeg-conf-30511-1982-7491.c
     1	int x;
END /tmp/ffmpeg-conf-30511-1982-7491.c
gcc -fomit-frame-pointer -g -Wdeclaration-after-statement -Wall -c -o /tmp/ffmpeg-conf-9202-1982-14674.o /tmp/ffmpeg-conf-30511-1982-7491.c
check_cflags -Wno-switch
check_cc -Wno-switch
BEGIN /tmp/ffmpeg-conf-30511-1982-7491.c
     1	int x;
END /tmp/ffmpeg-conf-30511-1982-7491.c
gcc -fomit-frame-pointer -g -Wdeclaration-after-statement -Wall -Wno-switch -c -o /tmp/ffmpeg-conf-9202-1982-14674.o /tmp/ffmpeg-conf-30511-1982-7491.c
check_cflags -Wdisabled-optimization
check_cc -Wdisabled-optimization
BEGIN /tmp/ffmpeg-conf-30511-1982-7491.c
     1	int x;
END /tmp/ffmpeg-conf-30511-1982-7491.c
gcc -fomit-frame-pointer -g -Wdeclaration-after-statement -Wall -Wno-switch -Wdisabled-optimization -c -o /tmp/ffmpeg-conf-9202-1982-14674.o /tmp/ffmpeg-conf-30511-1982-7491.c
check_cflags -Wpointer-arith
check_cc -Wpointer-arith
BEGIN /tmp/ffmpeg-conf-30511-1982-7491.c
     1	int x;
END /tmp/ffmpeg-conf-30511-1982-7491.c
gcc -fomit-frame-pointer -g -Wdeclaration-after-statement -Wall -Wno-switch -Wdisabled-optimization -Wpointer-arith -c -o /tmp/ffmpeg-conf-9202-1982-14674.o /tmp/ffmpeg-conf-30511-1982-7491.c
check_cflags -Wredundant-decls
check_cc -Wredundant-decls
BEGIN /tmp/ffmpeg-conf-30511-1982-7491.c
     1	int x;
END /tmp/ffmpeg-conf-30511-1982-7491.c
gcc -fomit-frame-pointer -g -Wdeclaration-after-statement -Wall -Wno-switch -Wdisabled-optimization -Wpointer-arith -Wredundant-decls -c -o /tmp/ffmpeg-conf-9202-1982-14674.o /tmp/ffmpeg-conf-30511-1982-7491.c
check_cflags -Winline
check_cc -Winline
BEGIN /tmp/ffmpeg-conf-30511-1982-7491.c
     1	int x;
END /tmp/ffmpeg-conf-30511-1982-7491.c
gcc -fomit-frame-pointer -g -Wdeclaration-after-statement -Wall -Wno-switch -Wdisabled-optimization -Wpointer-arith -Wredundant-decls -Winline -c -o /tmp/ffmpeg-conf-9202-1982-14674.o /tmp/ffmpeg-conf-30511-1982-7491.c
check_ldflags -Wl,-rpath-link,\$(BUILD_ROOT)/libavcodec -Wl,-rpath-link,\$(BUILD_ROOT)/libavformat -Wl,-rpath-link,\$(BUILD_ROOT)/libavutil
check_ld -Wl,-rpath-link,\$(BUILD_ROOT)/libavcodec -Wl,-rpath-link,\$(BUILD_ROOT)/libavformat -Wl,-rpath-link,\$(BUILD_ROOT)/libavutil
check_cc
BEGIN /tmp/ffmpeg-conf-30511-1982-7491.c
     1	int main(){
     2	    return 0;
     3	}
END /tmp/ffmpeg-conf-30511-1982-7491.c
gcc -fomit-frame-pointer -g -Wdeclaration-after-statement -Wall -Wno-switch -Wdisabled-optimization -Wpointer-arith -Wredundant-decls -Winline -c -o /tmp/ffmpeg-conf-9202-1982-14674.o /tmp/ffmpeg-conf-30511-1982-7491.c
gcc -Wl,--warn-common -Wl,--as-needed -rdynamic -export-dynamic -Wl,-rpath-link,\$(BUILD_ROOT)/libavcodec -Wl,-rpath-link,\$(BUILD_ROOT)/libavformat -Wl,-rpath-link,\$(BUILD_ROOT)/libavutil -o /tmp/ffmpeg-conf-6368-1982-25269 /tmp/ffmpeg-conf-9202-1982-14674.o -lm -lz -ldl
check_cc
BEGIN /tmp/ffmpeg-conf-30511-1982-7491.c
     1	asm (".align 3");
END /tmp/ffmpeg-conf-30511-1982-7491.c
gcc -fomit-frame-pointer -g -Wdeclaration-after-statement -Wall -Wno-switch -Wdisabled-optimization -Wpointer-arith -Wredundant-decls -Winline -O3 -c -o /tmp/ffmpeg-conf-9202-1982-14674.o /tmp/ffmpeg-conf-30511-1982-7491.c
/tmp/ccwPbLqk.s: Assembler messages:
/tmp/ccwPbLqk.s:11: Error: alignment not a power of 2
